0 info it worked if it ends with ok
1 verbose cli [ '/usr/local/bin/node',
1 verbose cli   '/usr/local/bin/npm',
1 verbose cli   'install',
1 verbose cli   '-g',
1 verbose cli   'bower' ]
2 info using npm@3.10.3
3 info using node@v6.3.0
4 silly loadCurrentTree Starting
5 silly install loadCurrentTree
6 silly install readGlobalPackageData
7 silly fetchPackageMetaData bower
8 silly fetchNamedPackageData bower
9 silly mapToRegistry name bower
10 silly mapToRegistry using default registry
11 silly mapToRegistry registry https://registry.npmjs.org/
12 silly mapToRegistry data Result {
12 silly mapToRegistry   raw: 'bower',
12 silly mapToRegistry   scope: null,
12 silly mapToRegistry   escapedName: 'bower',
12 silly mapToRegistry   name: 'bower',
12 silly mapToRegistry   rawSpec: '',
12 silly mapToRegistry   spec: 'latest',
12 silly mapToRegistry   type: 'tag' }
13 silly mapToRegistry uri https://registry.npmjs.org/bower
14 verbose request uri https://registry.npmjs.org/bower
15 verbose request no auth needed
16 info attempt registry request try #1 at 10:30:59 AM
17 verbose request id 15f431a84e083a4b
18 http request GET https://registry.npmjs.org/bower
19 http 200 https://registry.npmjs.org/bower
20 verbose headers { server: 'CouchDB/1.5.0 (Erlang OTP/R16B03)',
20 verbose headers   etag: '"AGDMM96N55KIQKEY6915Q429O"',
20 verbose headers   'content-type': 'application/json',
20 verbose headers   'content-encoding': 'gzip',
20 verbose headers   'cache-control': 'max-age=300',
20 verbose headers   'content-length': '20508',
20 verbose headers   'accept-ranges': 'bytes',
20 verbose headers   date: 'Wed, 20 Jul 2016 14:30:56 GMT',
20 verbose headers   via: '1.1 varnish',
20 verbose headers   age: '0',
20 verbose headers   connection: 'keep-alive',
20 verbose headers   'x-served-by': 'cache-bos8221-BOS',
20 verbose headers   'x-cache': 'HIT',
20 verbose headers   'x-cache-hits': '1',
20 verbose headers   'x-timer': 'S1469025056.451843,VS0,VE445',
20 verbose headers   vary: 'Accept-Encoding' }
21 silly get cb [ 200,
21 silly get   { server: 'CouchDB/1.5.0 (Erlang OTP/R16B03)',
21 silly get     etag: '"AGDMM96N55KIQKEY6915Q429O"',
21 silly get     'content-type': 'application/json',
21 silly get     'content-encoding': 'gzip',
21 silly get     'cache-control': 'max-age=300',
21 silly get     'content-length': '20508',
21 silly get     'accept-ranges': 'bytes',
21 silly get     date: 'Wed, 20 Jul 2016 14:30:56 GMT',
21 silly get     via: '1.1 varnish',
21 silly get     age: '0',
21 silly get     connection: 'keep-alive',
21 silly get     'x-served-by': 'cache-bos8221-BOS',
21 silly get     'x-cache': 'HIT',
21 silly get     'x-cache-hits': '1',
21 silly get     'x-timer': 'S1469025056.451843,VS0,VE445',
21 silly get     vary: 'Accept-Encoding' } ]
22 verbose get saving bower to /Users/haoly/.npm/registry.npmjs.org/bower/.cache.json
23 verbose correctMkdir /Users/haoly/.npm correctMkdir not in flight; initializing
24 verbose makeDirectory /Users/haoly/.npm creation not in flight; initializing
25 silly makeDirectory /Users/haoly/.npm uid: 501 gid: 20
26 silly install normalizeTree
27 silly loadCurrentTree Finishing
28 silly loadIdealTree Starting
29 silly install loadIdealTree
30 silly cloneCurrentTree Starting
31 silly install cloneCurrentTreeToIdealTree
32 silly cloneCurrentTree Finishing
33 silly loadShrinkwrap Starting
34 silly install loadShrinkwrap
35 silly loadShrinkwrap Finishing
36 silly loadAllDepsIntoIdealTree Starting
37 silly install loadAllDepsIntoIdealTree
38 silly resolveWithNewModule bower@1.7.9 checking installable status
39 silly cache add args [ 'bower', null ]
40 verbose cache add spec bower
41 silly cache add parsed spec Result {
41 silly cache add   raw: 'bower',
41 silly cache add   scope: null,
41 silly cache add   escapedName: 'bower',
41 silly cache add   name: 'bower',
41 silly cache add   rawSpec: '',
41 silly cache add   spec: 'latest',
41 silly cache add   type: 'tag' }
42 silly addNamed bower@latest
43 verbose addNamed "latest" is being treated as a dist-tag for bower
44 info addNameTag [ 'bower', 'latest' ]
45 silly mapToRegistry name bower
46 silly mapToRegistry using default registry
47 silly mapToRegistry registry https://registry.npmjs.org/
48 silly mapToRegistry data Result {
48 silly mapToRegistry   raw: 'bower',
48 silly mapToRegistry   scope: null,
48 silly mapToRegistry   escapedName: 'bower',
48 silly mapToRegistry   name: 'bower',
48 silly mapToRegistry   rawSpec: '',
48 silly mapToRegistry   spec: 'latest',
48 silly mapToRegistry   type: 'tag' }
49 silly mapToRegistry uri https://registry.npmjs.org/bower
50 verbose addNameTag registry:https://registry.npmjs.org/bower not in flight; fetching
51 verbose get https://registry.npmjs.org/bower not expired, no request
52 silly addNameTag next cb for bower with tag latest
53 silly addNamed bower@1.7.9
54 verbose addNamed "1.7.9" is a plain semver version for bower
55 silly mapToRegistry name bower
56 silly mapToRegistry using default registry
57 silly mapToRegistry registry https://registry.npmjs.org/
58 silly mapToRegistry data Result {
58 silly mapToRegistry   raw: 'bower',
58 silly mapToRegistry   scope: null,
58 silly mapToRegistry   escapedName: 'bower',
58 silly mapToRegistry   name: 'bower',
58 silly mapToRegistry   rawSpec: '',
58 silly mapToRegistry   spec: 'latest',
58 silly mapToRegistry   type: 'tag' }
59 silly mapToRegistry uri https://registry.npmjs.org/bower
60 verbose addRemoteTarball https://registry.npmjs.org/bower/-/bower-1.7.9.tgz not in flight; adding
61 verbose addRemoteTarball [ 'https://registry.npmjs.org/bower/-/bower-1.7.9.tgz',
61 verbose addRemoteTarball   'b7296c2393e0d75edaa6ca39648132dd255812b0' ]
62 info retry fetch attempt 1 at 10:31:00 AM
63 info attempt registry request try #1 at 10:31:00 AM
64 http fetch GET https://registry.npmjs.org/bower/-/bower-1.7.9.tgz
65 http fetch 200 https://registry.npmjs.org/bower/-/bower-1.7.9.tgz
66 silly fetchAndShaCheck shasum b7296c2393e0d75edaa6ca39648132dd255812b0
67 verbose addTmpTarball /var/folders/8_/l2y_vw1x36gf3j73xx036h5w0000gn/T/npm-2757-50a65fd1/registry.npmjs.org/bower/-/bower-1.7.9.tgz not in flight; adding
68 verbose addTmpTarball already have metadata; skipping unpack for bower@1.7.9
69 verbose correctMkdir /Users/haoly/.npm correctMkdir not in flight; initializing
70 silly cache afterAdd bower@1.7.9
71 verbose afterAdd /Users/haoly/.npm/bower/1.7.9/package/package.json not in flight; writing
72 verbose correctMkdir /Users/haoly/.npm correctMkdir not in flight; initializing
73 verbose afterAdd /Users/haoly/.npm/bower/1.7.9/package/package.json written
74 silly loadAllDepsIntoIdealTree Finishing
75 silly loadIdealTree Finishing
76 silly currentTree lib
77 silly idealTree lib
77 silly idealTree └── bower@1.7.9
78 silly generateActionsToTake Starting
79 silly install generateActionsToTake
80 warn checkPermissions Missing write access to /usr/local/lib/node_modules
81 silly rollbackFailedOptional Starting
82 silly rollbackFailedOptional Finishing
83 silly runTopLevelLifecycles Starting
84 silly runTopLevelLifecycles Finishing
85 silly install printInstalled
86 verbose stack Error: EACCES: permission denied, access '/usr/local/lib/node_modules'
86 verbose stack     at Error (native)
87 verbose cwd /Users/haoly/Desktop/PersonalApp2016-master
88 error Darwin 15.5.0
89 error argv "/usr/local/bin/node" "/usr/local/bin/npm" "install" "-g" "bower"
90 error node v6.3.0
91 error npm  v3.10.3
92 error path /usr/local/lib/node_modules
93 error code EACCES
94 error errno -13
95 error syscall access
96 error Error: EACCES: permission denied, access '/usr/local/lib/node_modules'
96 error     at Error (native)
96 error  { Error: EACCES: permission denied, access '/usr/local/lib/node_modules'
96 error     at Error (native)
96 error   errno: -13,
96 error   code: 'EACCES',
96 error   syscall: 'access',
96 error   path: '/usr/local/lib/node_modules' }
97 error Please try running this command again as root/Administrator.
98 verbose exit [ -13, true ]
